<?xml version="1.0" encoding="UTF-8"?>
<!-- Generated by org.testng.reporters.JUnitXMLReporter -->
<testsuite hostname="ws-43" ignored="6" name="Regression test on Device - Galaxy J7" tests="3" failures="0" timestamp="14 Dec 2017 11:48:56 GMT" time="51.41" errors="0">
  <testcase name="verifyHome" time="1.088" classname="mavepro.mavepro.MavHomeTest"/>
  <testcase name="verifyRegistration" time="25.028" classname="mavepro.mavepro.RegistrationTest"/>
  <testcase name="verifyRaterSummaryInformation" time="1.44" classname="mavepro.mavepro.RaterSummaryTest"/>
  <testcase name="@BeforeTest appiumTestSetUp" time="0.0" classname="mavepro.mavepro.AbstractTest">
    <ignored/>
  </testcase> <!-- @BeforeTest appiumTestSetUp -->
  <testcase name="@BeforeTest appiumTestSetUp" time="0.0" classname="mavepro.mavepro.AbstractTest">
    <ignored/>
  </testcase> <!-- @BeforeTest appiumTestSetUp -->
  <testcase name="@AfterTest appiumTestTearDown" time="0.0" classname="mavepro.mavepro.AbstractTest">
    <ignored/>
  </testcase> <!-- @AfterTest appiumTestTearDown -->
  <testcase name="@AfterTest appiumTestTearDown" time="0.0" classname="mavepro.mavepro.AbstractTest">
    <ignored/>
  </testcase> <!-- @AfterTest appiumTestTearDown -->
  <testcase name="@BeforeSuite beforeSuite" time="0.0" classname="mavepro.mavepro.AbstractTest">
    <ignored/>
  </testcase> <!-- @BeforeSuite beforeSuite -->
  <testcase name="@BeforeSuite beforeSuite" time="0.0" classname="mavepro.mavepro.AbstractTest">
    <ignored/>
  </testcase> <!-- @BeforeSuite beforeSuite -->
</testsuite> <!-- Regression test on Device - Galaxy J7 -->
