<?xml version="1.0" encoding="UTF-8"?>
<!-- Generated by org.testng.reporters.JUnitXMLReporter -->
<testsuite hostname="ws-43" ignored="6" name="Regression test on Device - Nexus 5" tests="3" failures="0" timestamp="14 Dec 2017 12:47:27 GMT" time="45.918" errors="0">
  <testcase name="verifyHome" time="0.869" classname="mavepro.mavepro.MavHomeTest"/>
  <testcase name="verifyRegistration" time="13.628" classname="mavepro.mavepro.RegistrationTest"/>
  <testcase name="verifyRaterSummaryInformation" time="1.1" classname="mavepro.mavepro.RaterSummaryTest"/>
  <testcase name="@BeforeTest appiumTestSetUp" time="0.0" classname="mavepro.mavepro.AbstractTest">
    <ignored/>
  </testcase> <!-- @BeforeTest appiumTestSetUp -->
  <testcase name="@BeforeTest appiumTestSetUp" time="0.0" classname="mavepro.mavepro.AbstractTest">
    <ignored/>
  </testcase> <!-- @BeforeTest appiumTestSetUp -->
  <testcase name="@AfterTest appiumTestTearDown" time="0.0" classname="mavepro.mavepro.AbstractTest">
    <ignored/>
  </testcase> <!-- @AfterTest appiumTestTearDown -->
  <testcase name="@AfterTest appiumTestTearDown" time="0.0" classname="mavepro.mavepro.AbstractTest">
    <ignored/>
  </testcase> <!-- @AfterTest appiumTestTearDown -->
  <testcase name="@BeforeSuite beforeSuite" time="0.0" classname="mavepro.mavepro.AbstractTest">
    <ignored/>
  </testcase> <!-- @BeforeSuite beforeSuite -->
  <testcase name="@BeforeSuite beforeSuite" time="0.0" classname="mavepro.mavepro.AbstractTest">
    <ignored/>
  </testcase> <!-- @BeforeSuite beforeSuite -->
</testsuite> <!-- Regression test on Device - Nexus 5 -->
